Arguments: 
  /usr/local/bin/node /usr/local/bin/yarn add node-gyp

PATH: 
  /Users/timmerman/Downloads/google-cloud-sdk/bin:/Users/timmerman/.rvm/gems/ruby-2.3.4/bin:/Users/timmerman/.rvm/gems/ruby-2.3.4@global/bin:/Users/timmerman/.rvm/rubies/ruby-2.3.4/bin:/Users/timmerman/.rbenv/shims:$/Users/timmerman/.rvm/gems/ruby-2.3.3/bin:/Users/timmerman/.rbenv/bin:/Applications/Postgres.app/Contents/Versions/9.3/bin:/usr/local/smlnj/bin:/usr/local/heroku/bin:/usr/local/git/current/bin:/usr/local/bin:/usr/bin:/bin:/usr/local/sbin:/usr/sbin:/sbin:/usr/local/go/bin:/usr/local/MacGPG2/bin:/usr/local/share/dotnet:/Library/Frameworks/Mono.framework/Versions/Current/Commands:/Applications/Xamarin Workbooks.app/Contents/SharedSupport/path-bin:/Users/timmerman/bin/go/bin:/Users/timmerman/.rvm/bin

Yarn version: 
  0.27.5

Node version: 
  9.4.0

Platform: 
  darwin x64

npm manifest: 
  {
    "name": "apps-script-oauth2",
    "version": "1.25.0",
    "description": "OAuth2 for Apps Script is a library for Google Apps Script that provides the ability to create and authorize OAuth2 tokens as well as refresh them when they expire.",
    "repository": {
      "type": "git",
      "url": "git://github.com/googlesamples/apps-script-oauth2.git"
    },
    "author": "Eric Koleda <ekoleda+devrel@googlers.com>",
    "license": "Apache-2.0",
    "bugs": {
      "url": "https://github.com/googlesamples/apps-script-oauth2/issues"
    },
    "homepage": "https://github.com/googlesamples/apps-script-oauth2",
    "devDependencies": {
      "@google/clasp": "^1.1.5",
      "chai": "^4.1.2",
      "del": "^1.2.1",
      "eslint": "^4.17.0",
      "eslint-config-google": "^0.9.1",
      "fibers": "^2.0.0",
      "gas-local": "^1.3.0",
      "gulp": "^3.9.1",
      "gulp-clean": "^0.3.2",
      "gulp-concat": "^2.6.1",
      "gulp-eslint": "^4.0.2",
      "gulp-expose": "0.0.7",
      "gulp-rename": "^1.2.2",
      "jsdoc": "^3.5.5",
      "mocha": "^4.1.0"
    },
    "scripts": {
      "preversion": "npm test && clasp push",
      "version": "npm run dist && git add -A dist",
      "postversion": "MESSAGE=$(git log -1 --pretty=%B) && clasp version $MESSAGE",
      "dist": "gulp dist",
      "lint": "gulp lint",
      "doc": "jsdoc -c jsdoc.json src/*.js README.md",
      "push": "clasp push",
      "test": "mocha"
    }
  }

yarn manifest: 
  No manifest

Lockfile: 
  No lockfile

Trace: 
  Error: EACCES: permission denied, unlink '/Users/timmerman/Documents/github/google/apps-script-oauth2/node_modules/.bin/_mocha'
